<?xml version="1.0" encoding="UTF-8"?>
<!-- Generated by org.testng.reporters.JUnitXMLReporter -->
<testsuite ignored="1" hostname="LMC-LT-118" failures="0" tests="1" name="Default test" time="8.742" errors="0" timestamp="2022-08-02T10:30:23 IST">
  <testcase classname="com.mystore.testcases.IndexPageTest" name="verifyLogo" time="0.163"/>
  <testcase classname="com.mystore.testcases.IndexPageTest" name="verifyTitle" time="0.0">
    <ignored/>
  </testcase> <!-- verifyTitle -->
</testsuite> <!-- Default test -->
