<?xml version="1.0" encoding="UTF-8"?>
<testng-results ignored="1" total="2" passed="1" failed="0" skipped="0">
  <reporter-output>
  </reporter-output>
  <suite started-at="2022-08-02T10:30:14 IST" name="Default suite" finished-at="2022-08-02T10:30:23 IST" duration-ms="8742">
    <groups>
      <group name="Smoke">
        <method signature="IndexPageTest.verifyLogo()[pri:0, instance:com.mystore.testcases.IndexPageTest@65fb9ffc]" name="verifyLogo" class="com.mystore.testcases.IndexPageTest"/>
      </group> <!-- Smoke -->
    </groups>
    <test started-at="2022-08-02T10:30:14 IST" name="Default test" finished-at="2022-08-02T10:30:23 IST" duration-ms="8742">
      <class name="com.mystore.testcases.IndexPageTest">
        <test-method is-config="true" signature="loadConfig()[pri:0, instance:com.mystore.testcases.IndexPageTest@65fb9ffc]" started-at="2022-08-02T10:30:14 IST" name="loadConfig" finished-at="2022-08-02T10:30:14 IST" duration-ms="164" status="PASS">
          <reporter-output>
          </reporter-output>
        </test-method> <!-- loadConfig -->
        <test-method is-config="true" signature="setup(java.lang.String)[pri:0, instance:com.mystore.testcases.IndexPageTest@65fb9ffc]" started-at="2022-08-02T10:30:14 IST" name="setup" finished-at="2022-08-02T10:30:23 IST" duration-ms="8415" status="PASS">
          <params>
            <param index="0">
              <value>
                <![CDATA[Chrome]]>
              </value>
            </param>
          </params>
          <reporter-output>
          </reporter-output>
        </test-method> <!-- setup -->
        <test-method signature="verifyLogo()[pri:0, instance:com.mystore.testcases.IndexPageTest@65fb9ffc]" started-at="2022-08-02T10:30:23 IST" name="verifyLogo" finished-at="2022-08-02T10:30:23 IST" duration-ms="163" status="PASS">
          <reporter-output>
          </reporter-output>
        </test-method> <!-- verifyLogo -->
        <test-method is-config="true" signature="tearDown()[pri:0, instance:com.mystore.testcases.IndexPageTest@65fb9ffc]" started-at="2022-08-02T10:30:23 IST" name="tearDown" finished-at="2022-08-02T10:30:23 IST" duration-ms="136" status="PASS">
          <reporter-output>
          </reporter-output>
        </test-method> <!-- tearDown -->
        <test-method is-config="true" signature="afterSuite()[pri:0, instance:com.mystore.testcases.IndexPageTest@65fb9ffc]" started-at="2022-08-02T10:30:23 IST" name="afterSuite" finished-at="2022-08-02T10:30:23 IST" duration-ms="0" status="PASS">
          <reporter-output>
          </reporter-output>
        </test-method> <!-- afterSuite -->
      </class> <!-- com.mystore.testcases.IndexPageTest -->
    </test> <!-- Default test -->
  </suite> <!-- Default suite -->
</testng-results>
